
        SystemC 2.3.3-Accellera --- Oct  1 2024 09:29:19
        Copyright (c) 1996-2018 by all Contributors,
        ALL RIGHTS RESERVED
core   0: 0x0000000000001000 (0x00000297) auipc   t0, 0x0
core   0: 0x0000000000001004 (0x02028593) addi    a1, t0, 32
core   0: 0x0000000000001008 (0xf1402573) csrr    a0, mhartid
core   0: 0x000000000000100c (0x0182b283) ld      t0, 24(t0)
core   0: 0x0000000000001010 (0x00028067) jr      t0
core   0: 0x0000000080000000 (0x00004081) c.li    ra, 0
core   0: 0x0000000080000002 (0x00004101) c.li    sp, 0
core   0: 0x0000000080000004 (0x00004181) c.li    gp, 0
core   0: 0x0000000080000006 (0x00004201) c.li    tp, 0
core   0: 0x0000000080000008 (0x00004281) c.li    t0, 0
core   0: 0x000000008000000a (0x00004301) c.li    t1, 0
core   0: 0x000000008000000c (0x00004381) c.li    t2, 0
core   0: 0x000000008000000e (0x00004401) c.li    s0, 0
core   0: 0x0000000080000010 (0x00004481) c.li    s1, 0
core   0: 0x0000000080000012 (0x00004501) c.li    a0, 0
core   0: 0x0000000080000014 (0x00004581) c.li    a1, 0
core   0: 0x0000000080000016 (0x00004601) c.li    a2, 0
core   0: 0x0000000080000018 (0x00004681) c.li    a3, 0
core   0: 0x000000008000001a (0x00004701) c.li    a4, 0
core   0: 0x000000008000001c (0x00004781) c.li    a5, 0
core   0: 0x000000008000001e (0x00004801) c.li    a6, 0
core   0: 0x0000000080000020 (0x00004881) c.li    a7, 0
core   0: 0x0000000080000022 (0x00004901) c.li    s2, 0
core   0: 0x0000000080000024 (0x00004981) c.li    s3, 0
core   0: 0x0000000080000026 (0x00004a01) c.li    s4, 0
core   0: 0x0000000080000028 (0x00004a81) c.li    s5, 0
core   0: 0x000000008000002a (0x00004b01) c.li    s6, 0
core   0: 0x000000008000002c (0x00004b81) c.li    s7, 0
core   0: 0x000000008000002e (0x00004c01) c.li    s8, 0
core   0: 0x0000000080000030 (0x00004c81) c.li    s9, 0
core   0: 0x0000000080000032 (0x00004d01) c.li    s10, 0
core   0: 0x0000000080000034 (0x00004d81) c.li    s11, 0
core   0: 0x0000000080000036 (0x00004e01) c.li    t3, 0
core   0: 0x0000000080000038 (0x00004e81) c.li    t4, 0
core   0: 0x000000008000003a (0x00004f01) c.li    t5, 0
core   0: 0x000000008000003c (0x00004f81) c.li    t6, 0
core   0: 0x000000008000003e (0x000062f9) c.lui   t0, 0x1e
core   0: 0x0000000080000040 (0x3002a073) csrs    mstatus, t0
core   0: 0x0000000080000044 (0x00004285) c.li    t0, 1
core   0: 0x0000000080000046 (0x000002fe) c.slli  t0, 31
core   0: 0x0000000080000048 (0x0002d863) bgez    t0, pc + 16
core   0: 0x0000000080000058 (0x00000297) auipc   t0, 0x0
core   0: 0x000000008000005c (0x09028293) addi    t0, t0, 144
core   0: 0x0000000080000060 (0x30529073) csrw    mtvec, t0
core   0: 0x0000000080000064 (0x00301073) csrw    fcsr, zero
core   0: 0x0000000080000068 (0xf0000053) fmv.w.x ft0, zero
core   0: 0x000000008000006c (0xf00000d3) fmv.w.x ft1, zero
core   0: 0x0000000080000070 (0xf0000153) fmv.w.x ft2, zero
core   0: 0x0000000080000074 (0xf00001d3) fmv.w.x ft3, zero
core   0: 0x0000000080000078 (0xf0000253) fmv.w.x ft4, zero
core   0: 0x000000008000007c (0xf00002d3) fmv.w.x ft5, zero
core   0: 0x0000000080000080 (0xf0000353) fmv.w.x ft6, zero
core   0: 0x0000000080000084 (0xf00003d3) fmv.w.x ft7, zero
core   0: 0x0000000080000088 (0xf0000453) fmv.w.x fs0, zero
core   0: 0x000000008000008c (0xf00004d3) fmv.w.x fs1, zero
core   0: 0x0000000080000090 (0xf0000553) fmv.w.x fa0, zero
core   0: 0x0000000080000094 (0xf00005d3) fmv.w.x fa1, zero
core   0: 0x0000000080000098 (0xf0000653) fmv.w.x fa2, zero
core   0: 0x000000008000009c (0xf00006d3) fmv.w.x fa3, zero
core   0: 0x00000000800000a0 (0xf0000753) fmv.w.x fa4, zero
core   0: 0x00000000800000a4 (0xf00007d3) fmv.w.x fa5, zero
core   0: 0x00000000800000a8 (0xf0000853) fmv.w.x fa6, zero
core   0: 0x00000000800000ac (0xf00008d3) fmv.w.x fa7, zero
core   0: 0x00000000800000b0 (0xf0000953) fmv.w.x fs2, zero
core   0: 0x00000000800000b4 (0xf00009d3) fmv.w.x fs3, zero
core   0: 0x00000000800000b8 (0xf0000a53) fmv.w.x fs4, zero
core   0: 0x00000000800000bc (0xf0000ad3) fmv.w.x fs5, zero
core   0: 0x00000000800000c0 (0xf0000b53) fmv.w.x fs6, zero
core   0: 0x00000000800000c4 (0xf0000bd3) fmv.w.x fs7, zero
core   0: 0x00000000800000c8 (0xf0000c53) fmv.w.x fs8, zero
core   0: 0x00000000800000cc (0xf0000cd3) fmv.w.x fs9, zero
core   0: 0x00000000800000d0 (0xf0000d53) fmv.w.x fs10, zero
core   0: 0x00000000800000d4 (0xf0000dd3) fmv.w.x fs11, zero
core   0: 0x00000000800000d8 (0xf0000e53) fmv.w.x ft8, zero
core   0: 0x00000000800000dc (0xf0000ed3) fmv.w.x ft9, zero
core   0: 0x00000000800000e0 (0xf0000f53) fmv.w.x ft10, zero
core   0: 0x00000000800000e4 (0xf0000fd3) fmv.w.x ft11, zero
core   0: 0x00000000800000e8 (0x00000297) auipc   t0, 0x0
core   0: 0x00000000800000ec (0x03828293) addi    t0, t0, 56
core   0: 0x00000000800000f0 (0x30529073) csrw    mtvec, t0
core   0: 0x00000000800000f4 (0x00002197) auipc   gp, 0x2
core   0: 0x00000000800000f8 (0x19c18193) addi    gp, gp, 412
core   0: 0x00000000800000fc (0x86f18213) addi    tp, gp, -1937
core   0: 0x0000000080000100 (0xfc027213) andi    tp, tp, -64
core   0: 0x0000000080000104 (0xf1402573) csrr    a0, mhartid
core   0: 0x0000000080000108 (0x00004585) c.li    a1, 1
core   0: 0x000000008000010a (0x00b57063) bgeu    a0, a1, pc + 0
core   0: 0x000000008000010e (0x00150113) addi    sp, a0, 1
core   0: 0x0000000080000112 (0x00000146) c.slli  sp, 17
core   0: 0x0000000080000114 (0x00009112) c.add   sp, tp
core   0: 0x0000000080000116 (0x01151613) slli    a2, a0, 17
core   0: 0x000000008000011a (0x00009232) c.add   tp, a2
core   0: 0x000000008000011c (0x4e20106f) j       pc + 0x14e2
core   0: 0x00000000800015fe (0x00007131) c.addi16sp sp, -192
core   0: 0x0000000080001600 (0x00000797) auipc   a5, 0x0
core   0: 0x0000000080001604 (0x4b078793) addi    a5, a5, 1200
core   0: 0x0000000080001608 (0x0000f14a) c.sdsp  s2, 160(sp)
core   0: 0x000000008000160a (0x00000917) auipc   s2, 0x0
core   0: 0x000000008000160e (0x4a690913) addi    s2, s2, 1190
core   0: 0x0000000080001612 (0x0000f526) c.sdsp  s1, 168(sp)
core   0: 0x0000000080001614 (0x40f904b3) sub     s1, s2, a5
core   0: 0x0000000080001618 (0x00008626) c.mv    a2, s1
core   0: 0x000000008000161a (0x0000ed4e) c.sdsp  s3, 152(sp)
core   0: 0x000000008000161c (0x0000e952) c.sdsp  s4, 144(sp)
core   0: 0x000000008000161e (0x000089aa) c.mv    s3, a0
core   0: 0x0000000080001620 (0x00008a2e) c.mv    s4, a1
core   0: 0x0000000080001622 (0x00008512) c.mv    a0, tp
core   0: 0x0000000080001624 (0x000085be) c.mv    a1, a5
core   0: 0x0000000080001626 (0x0000fd06) c.sdsp  ra, 184(sp)
core   0: 0x0000000080001628 (0x0000f922) c.sdsp  s0, 176(sp)
core   0: 0x000000008000162a (0x0000e556) c.sdsp  s5, 136(sp)
core   0: 0x000000008000162c (0x00008a92) c.mv    s5, tp
core   0: 0x000000008000162e (0xf49ff0ef) jal     pc - 0xb8
core   0: 0x0000000080001576 (0x00c5e7b3) or      a5, a1, a2
core   0: 0x000000008000157a (0x00008fc9) c.or    a5, a0
core   0: 0x000000008000157c (0x00008b9d) c.andi  a5, 7
core   0: 0x000000008000157e (0x00c506b3) add     a3, a0, a2
core   0: 0x0000000080001582 (0x0000cf91) c.beqz  a5, pc + 28
core   0: 0x000000008000159e (0xfed57fe3) bgeu    a0, a3, pc - 2
core   0: 0x000000008000159c (0x00008082) ret
core   0: 0x0000000080001632 (0x87418613) addi    a2, gp, -1932
core   0: 0x0000000080001636 (0x41260633) sub     a2, a2, s2
core   0: 0x000000008000163a (0x00004581) c.li    a1, 0
core   0: 0x000000008000163c (0x009a8533) add     a0, s5, s1
core   0: 0x0000000080001640 (0xf79ff0ef) jal     pc - 0x88
core   0: 0x00000000800015b8 (0x00c567b3) or      a5, a0, a2
core   0: 0x00000000800015bc (0x00008b9d) c.andi  a5, 7
core   0: 0x00000000800015be (0x0000962a) c.add   a2, a0
core   0: 0x00000000800015c0 (0x0ff5f593) andi    a1, a1, 255
core   0: 0x00000000800015c4 (0x0000cb91) c.beqz  a5, pc + 20
core   0: 0x00000000800015c6 (0x000087aa) c.mv    a5, a0
core   0: 0x00000000800015c8 (0x02c57a63) bgeu    a0, a2, pc + 52
core   0: 0x00000000800015cc (0x00000785) c.addi  a5, 1
core   0: 0x00000000800015ce (0xfeb78fa3) sb      a1, -1(a5)
core   0: 0x00000000800015d2 (0xfef61de3) bne     a2, a5, pc - 6
core   0: 0x00000000800015cc (0x00000785) c.addi  a5, 1
core   0: 0x00000000800015ce (0xfeb78fa3) sb      a1, -1(a5)
core   0: 0x00000000800015d2 (0xfef61de3) bne     a2, a5, pc - 6
core   0: 0x00000000800015cc (0x00000785) c.addi  a5, 1
core   0: 0x00000000800015ce (0xfeb78fa3) sb      a1, -1(a5)
core   0: 0x00000000800015d2 (0xfef61de3) bne     a2, a5, pc - 6
core   0: 0x00000000800015cc (0x00000785) c.addi  a5, 1
core   0: 0x00000000800015ce (0xfeb78fa3) sb      a1, -1(a5)
core   0: 0x00000000800015d2 (0xfef61de3) bne     a2, a5, pc - 6
core   0: 0x00000000800015cc (0x00000785) c.addi  a5, 1
core   0: 0x00000000800015ce (0xfeb78fa3) sb      a1, -1(a5)
core   0: 0x00000000800015d2 (0xfef61de3) bne     a2, a5, pc - 6
core   0: 0x00000000800015cc (0x00000785) c.addi  a5, 1
core   0: 0x00000000800015ce (0xfeb78fa3) sb      a1, -1(a5)
core   0: 0x00000000800015d2 (0xfef61de3) bne     a2, a5, pc - 6
core   0: 0x00000000800015cc (0x00000785) c.addi  a5, 1
core   0: 0x00000000800015ce (0xfeb78fa3) sb      a1, -1(a5)
core   0: 0x00000000800015d2 (0xfef61de3) bne     a2, a5, pc - 6
core   0: 0x00000000800015cc (0x00000785) c.addi  a5, 1
core   0: 0x00000000800015ce (0xfeb78fa3) sb      a1, -1(a5)
core   0: 0x00000000800015d2 (0xfef61de3) bne     a2, a5, pc - 6
core   0: 0x00000000800015cc (0x00000785) c.addi  a5, 1
core   0: 0x00000000800015ce (0xfeb78fa3) sb      a1, -1(a5)
core   0: 0x00000000800015d2 (0xfef61de3) bne     a2, a5, pc - 6
core   0: 0x00000000800015cc (0x00000785) c.addi  a5, 1
core   0: 0x00000000800015ce (0xfeb78fa3) sb      a1, -1(a5)
core   0: 0x00000000800015d2 (0xfef61de3) bne     a2, a5, pc - 6
core   0: 0x00000000800015cc (0x00000785) c.addi  a5, 1
core   0: 0x00000000800015ce (0xfeb78fa3) sb      a1, -1(a5)
core   0: 0x00000000800015d2 (0xfef61de3) bne     a2, a5, pc - 6
core   0: 0x00000000800015cc (0x00000785) c.addi  a5, 1
core   0: 0x00000000800015ce (0xfeb78fa3) sb      a1, -1(a5)
core   0: 0x00000000800015d2 (0xfef61de3) bne     a2, a5, pc - 6
core   0: 0x00000000800015cc (0x00000785) c.addi  a5, 1
core   0: 0x00000000800015ce (0xfeb78fa3) sb      a1, -1(a5)
core   0: 0x00000000800015d2 (0xfef61de3) bne     a2, a5, pc - 6
core   0: 0x00000000800015cc (0x00000785) c.addi  a5, 1
core   0: 0x00000000800015ce (0xfeb78fa3) sb      a1, -1(a5)
core   0: 0x00000000800015d2 (0xfef61de3) bne     a2, a5, pc - 6
core   0: 0x00000000800015cc (0x00000785) c.addi  a5, 1
core   0: 0x00000000800015ce (0xfeb78fa3) sb      a1, -1(a5)
core   0: 0x00000000800015d2 (0xfef61de3) bne     a2, a5, pc - 6
core   0: 0x00000000800015cc (0x00000785) c.addi  a5, 1
core   0: 0x00000000800015ce (0xfeb78fa3) sb      a1, -1(a5)
core   0: 0x00000000800015d2 (0xfef61de3) bne     a2, a5, pc - 6
core   0: 0x00000000800015cc (0x00000785) c.addi  a5, 1
core   0: 0x00000000800015ce (0xfeb78fa3) sb      a1, -1(a5)
core   0: 0x00000000800015d2 (0xfef61de3) bne     a2, a5, pc - 6
core   0: 0x00000000800015cc (0x00000785) c.addi  a5, 1
core   0: 0x00000000800015ce (0xfeb78fa3) sb      a1, -1(a5)
core   0: 0x00000000800015d2 (0xfef61de3) bne     a2, a5, pc - 6
core   0: 0x00000000800015cc (0x00000785) c.addi  a5, 1
core   0: 0x00000000800015ce (0xfeb78fa3) sb      a1, -1(a5)
core   0: 0x00000000800015d2 (0xfef61de3) bne     a2, a5, pc - 6
core   0: 0x00000000800015cc (0x00000785) c.addi  a5, 1
core   0: 0x00000000800015ce (0xfeb78fa3) sb      a1, -1(a5)
core   0: 0x00000000800015d2 (0xfef61de3) bne     a2, a5, pc - 6
core   0: 0x00000000800015cc (0x00000785) c.addi  a5, 1
core   0: 0x00000000800015ce (0xfeb78fa3) sb      a1, -1(a5)
core   0: 0x00000000800015d2 (0xfef61de3) bne     a2, a5, pc - 6
core   0: 0x00000000800015cc (0x00000785) c.addi  a5, 1
core   0: 0x00000000800015ce (0xfeb78fa3) sb      a1, -1(a5)
core   0: 0x00000000800015d2 (0xfef61de3) bne     a2, a5, pc - 6
core   0: 0x00000000800015cc (0x00000785) c.addi  a5, 1
core   0: 0x00000000800015ce (0xfeb78fa3) sb      a1, -1(a5)
core   0: 0x00000000800015d2 (0xfef61de3) bne     a2, a5, pc - 6
core   0: 0x00000000800015cc (0x00000785) c.addi  a5, 1
core   0: 0x00000000800015ce (0xfeb78fa3) sb      a1, -1(a5)
core   0: 0x00000000800015d2 (0xfef61de3) bne     a2, a5, pc - 6
core   0: 0x00000000800015cc (0x00000785) c.addi  a5, 1
core   0: 0x00000000800015ce (0xfeb78fa3) sb      a1, -1(a5)
core   0: 0x00000000800015d2 (0xfef61de3) bne     a2, a5, pc - 6
core   0: 0x00000000800015cc (0x00000785) c.addi  a5, 1
core   0: 0x00000000800015ce (0xfeb78fa3) sb      a1, -1(a5)
core   0: 0x00000000800015d2 (0xfef61de3) bne     a2, a5, pc - 6
core   0: 0x00000000800015cc (0x00000785) c.addi  a5, 1
core   0: 0x00000000800015ce (0xfeb78fa3) sb      a1, -1(a5)
core   0: 0x00000000800015d2 (0xfef61de3) bne     a2, a5, pc - 6
core   0: 0x00000000800015cc (0x00000785) c.addi  a5, 1
core   0: 0x00000000800015ce (0xfeb78fa3) sb      a1, -1(a5)
core   0: 0x00000000800015d2 (0xfef61de3) bne     a2, a5, pc - 6
core   0: 0x00000000800015cc (0x00000785) c.addi  a5, 1
core   0: 0x00000000800015ce (0xfeb78fa3) sb      a1, -1(a5)
core   0: 0x00000000800015d2 (0xfef61de3) bne     a2, a5, pc - 6
core   0: 0x00000000800015cc (0x00000785) c.addi  a5, 1
core   0: 0x00000000800015ce (0xfeb78fa3) sb      a1, -1(a5)
core   0: 0x00000000800015d2 (0xfef61de3) bne     a2, a5, pc - 6
core   0: 0x00000000800015cc (0x00000785) c.addi  a5, 1
core   0: 0x00000000800015ce (0xfeb78fa3) sb      a1, -1(a5)
core   0: 0x00000000800015d2 (0xfef61de3) bne     a2, a5, pc - 6
core   0: 0x00000000800015cc (0x00000785) c.addi  a5, 1
core   0: 0x00000000800015ce (0xfeb78fa3) sb      a1, -1(a5)
core   0: 0x00000000800015d2 (0xfef61de3) bne     a2, a5, pc - 6
core   0: 0x00000000800015cc (0x00000785) c.addi  a5, 1
core   0: 0x00000000800015ce (0xfeb78fa3) sb      a1, -1(a5)
core   0: 0x00000000800015d2 (0xfef61de3) bne     a2, a5, pc - 6
core   0: 0x00000000800015cc (0x00000785) c.addi  a5, 1
core   0: 0x00000000800015ce (0xfeb78fa3) sb      a1, -1(a5)
core   0: 0x00000000800015d2 (0xfef61de3) bne     a2, a5, pc - 6
core   0: 0x00000000800015cc (0x00000785) c.addi  a5, 1
core   0: 0x00000000800015ce (0xfeb78fa3) sb      a1, -1(a5)
core   0: 0x00000000800015d2 (0xfef61de3) bne     a2, a5, pc - 6
core   0: 0x00000000800015cc (0x00000785) c.addi  a5, 1
core   0: 0x00000000800015ce (0xfeb78fa3) sb      a1, -1(a5)
core   0: 0x00000000800015d2 (0xfef61de3) bne     a2, a5, pc - 6
core   0: 0x00000000800015cc (0x00000785) c.addi  a5, 1
core   0: 0x00000000800015ce (0xfeb78fa3) sb      a1, -1(a5)
core   0: 0x00000000800015d2 (0xfef61de3) bne     a2, a5, pc - 6
core   0: 0x00000000800015cc (0x00000785) c.addi  a5, 1
core   0: 0x00000000800015ce (0xfeb78fa3) sb      a1, -1(a5)
core   0: 0x00000000800015d2 (0xfef61de3) bne     a2, a5, pc - 6
core   0: 0x00000000800015cc (0x00000785) c.addi  a5, 1
core   0: 0x00000000800015ce (0xfeb78fa3) sb      a1, -1(a5)
core   0: 0x00000000800015d2 (0xfef61de3) bne     a2, a5, pc - 6
core   0: 0x00000000800015cc (0x00000785) c.addi  a5, 1
core   0: 0x00000000800015ce (0xfeb78fa3) sb      a1, -1(a5)
core   0: 0x00000000800015d2 (0xfef61de3) bne     a2, a5, pc - 6
core   0: 0x00000000800015cc (0x00000785) c.addi  a5, 1
core   0: 0x00000000800015ce (0xfeb78fa3) sb      a1, -1(a5)
core   0: 0x00000000800015d2 (0xfef61de3) bne     a2, a5, pc - 6
core   0: 0x00000000800015cc (0x00000785) c.addi  a5, 1
core   0: 0x00000000800015ce (0xfeb78fa3) sb      a1, -1(a5)
core   0: 0x00000000800015d2 (0xfef61de3) bne     a2, a5, pc - 6
core   0: 0x00000000800015cc (0x00000785) c.addi  a5, 1
core   0: 0x00000000800015ce (0xfeb78fa3) sb      a1, -1(a5)
core   0: 0x00000000800015d2 (0xfef61de3) bne     a2, a5, pc - 6
core   0: 0x00000000800015cc (0x00000785) c.addi  a5, 1
core   0: 0x00000000800015ce (0xfeb78fa3) sb      a1, -1(a5)
core   0: 0x00000000800015d2 (0xfef61de3) bne     a2, a5, pc - 6
core   0: 0x00000000800015cc (0x00000785) c.addi  a5, 1
core   0: 0x00000000800015ce (0xfeb78fa3) sb      a1, -1(a5)
core   0: 0x00000000800015d2 (0xfef61de3) bne     a2, a5, pc - 6
core   0: 0x00000000800015cc (0x00000785) c.addi  a5, 1
core   0: 0x00000000800015ce (0xfeb78fa3) sb      a1, -1(a5)
core   0: 0x00000000800015d2 (0xfef61de3) bne     a2, a5, pc - 6
core   0: 0x00000000800015cc (0x00000785) c.addi  a5, 1
core   0: 0x00000000800015ce (0xfeb78fa3) sb      a1, -1(a5)
core   0: 0x00000000800015d2 (0xfef61de3) bne     a2, a5, pc - 6
core   0: 0x00000000800015cc (0x00000785) c.addi  a5, 1
core   0: 0x00000000800015ce (0xfeb78fa3) sb      a1, -1(a5)
core   0: 0x00000000800015d2 (0xfef61de3) bne     a2, a5, pc - 6
core   0: 0x00000000800015cc (0x00000785) c.addi  a5, 1
core   0: 0x00000000800015ce (0xfeb78fa3) sb      a1, -1(a5)
core   0: 0x00000000800015d2 (0xfef61de3) bne     a2, a5, pc - 6
core   0: 0x00000000800015cc (0x00000785) c.addi  a5, 1
core   0: 0x00000000800015ce (0xfeb78fa3) sb      a1, -1(a5)
core   0: 0x00000000800015d2 (0xfef61de3) bne     a2, a5, pc - 6
core   0: 0x00000000800015cc (0x00000785) c.addi  a5, 1
core   0: 0x00000000800015ce (0xfeb78fa3) sb      a1, -1(a5)
core   0: 0x00000000800015d2 (0xfef61de3) bne     a2, a5, pc - 6
core   0: 0x00000000800015cc (0x00000785) c.addi  a5, 1
core   0: 0x00000000800015ce (0xfeb78fa3) sb      a1, -1(a5)
core   0: 0x00000000800015d2 (0xfef61de3) bne     a2, a5, pc - 6
core   0: 0x00000000800015cc (0x00000785) c.addi  a5, 1
core   0: 0x00000000800015ce (0xfeb78fa3) sb      a1, -1(a5)
core   0: 0x00000000800015d2 (0xfef61de3) bne     a2, a5, pc - 6
core   0: 0x00000000800015cc (0x00000785) c.addi  a5, 1
core   0: 0x00000000800015ce (0xfeb78fa3) sb      a1, -1(a5)
core   0: 0x00000000800015d2 (0xfef61de3) bne     a2, a5, pc - 6
core   0: 0x00000000800015cc (0x00000785) c.addi  a5, 1
core   0: 0x00000000800015ce (0xfeb78fa3) sb      a1, -1(a5)
core   0: 0x00000000800015d2 (0xfef61de3) bne     a2, a5, pc - 6
core   0: 0x00000000800015cc (0x00000785) c.addi  a5, 1
core   0: 0x00000000800015ce (0xfeb78fa3) sb      a1, -1(a5)
core   0: 0x00000000800015d2 (0xfef61de3) bne     a2, a5, pc - 6
core   0: 0x00000000800015cc (0x00000785) c.addi  a5, 1
core   0: 0x00000000800015ce (0xfeb78fa3) sb      a1, -1(a5)
core   0: 0x00000000800015d2 (0xfef61de3) bne     a2, a5, pc - 6
core   0: 0x00000000800015cc (0x00000785) c.addi  a5, 1
core   0: 0x00000000800015ce (0xfeb78fa3) sb      a1, -1(a5)
core   0: 0x00000000800015d2 (0xfef61de3) bne     a2, a5, pc - 6
core   0: 0x00000000800015cc (0x00000785) c.addi  a5, 1
core   0: 0x00000000800015ce (0xfeb78fa3) sb      a1, -1(a5)
core   0: 0x00000000800015d2 (0xfef61de3) bne     a2, a5, pc - 6
core   0: 0x00000000800015cc (0x00000785) c.addi  a5, 1
core   0: 0x00000000800015ce (0xfeb78fa3) sb      a1, -1(a5)
core   0: 0x00000000800015d2 (0xfef61de3) bne     a2, a5, pc - 6
core   0: 0x00000000800015cc (0x00000785) c.addi  a5, 1
core   0: 0x00000000800015ce (0xfeb78fa3) sb      a1, -1(a5)
core   0: 0x00000000800015d2 (0xfef61de3) bne     a2, a5, pc - 6
core   0: 0x00000000800015cc (0x00000785) c.addi  a5, 1
core   0: 0x00000000800015ce (0xfeb78fa3) sb      a1, -1(a5)
core   0: 0x00000000800015d2 (0xfef61de3) bne     a2, a5, pc - 6
core   0: 0x00000000800015cc (0x00000785) c.addi  a5, 1
core   0: 0x00000000800015ce (0xfeb78fa3) sb      a1, -1(a5)
core   0: 0x00000000800015d2 (0xfef61de3) bne     a2, a5, pc - 6
core   0: 0x00000000800015cc (0x00000785) c.addi  a5, 1
core   0: 0x00000000800015ce (0xfeb78fa3) sb      a1, -1(a5)
core   0: 0x00000000800015d2 (0xfef61de3) bne     a2, a5, pc - 6
core   0: 0x00000000800015cc (0x00000785) c.addi  a5, 1
core   0: 0x00000000800015ce (0xfeb78fa3) sb      a1, -1(a5)
core   0: 0x00000000800015d2 (0xfef61de3) bne     a2, a5, pc - 6
core   0: 0x00000000800015cc (0x00000785) c.addi  a5, 1
core   0: 0x00000000800015ce (0xfeb78fa3) sb      a1, -1(a5)
core   0: 0x00000000800015d2 (0xfef61de3) bne     a2, a5, pc - 6
core   0: 0x00000000800015cc (0x00000785) c.addi  a5, 1
core   0: 0x00000000800015ce (0xfeb78fa3) sb      a1, -1(a5)
core   0: 0x00000000800015d2 (0xfef61de3) bne     a2, a5, pc - 6
core   0: 0x00000000800015cc (0x00000785) c.addi  a5, 1
core   0: 0x00000000800015ce (0xfeb78fa3) sb      a1, -1(a5)
core   0: 0x00000000800015d2 (0xfef61de3) bne     a2, a5, pc - 6
core   0: 0x00000000800015cc (0x00000785) c.addi  a5, 1
core   0: 0x00000000800015ce (0xfeb78fa3) sb      a1, -1(a5)
core   0: 0x00000000800015d2 (0xfef61de3) bne     a2, a5, pc - 6
core   0: 0x00000000800015cc (0x00000785) c.addi  a5, 1
core   0: 0x00000000800015ce (0xfeb78fa3) sb      a1, -1(a5)
core   0: 0x00000000800015d2 (0xfef61de3) bne     a2, a5, pc - 6
core   0: 0x00000000800015cc (0x00000785) c.addi  a5, 1
core   0: 0x00000000800015ce (0xfeb78fa3) sb      a1, -1(a5)
core   0: 0x00000000800015d2 (0xfef61de3) bne     a2, a5, pc - 6
core   0: 0x00000000800015cc (0x00000785) c.addi  a5, 1
core   0: 0x00000000800015ce (0xfeb78fa3) sb      a1, -1(a5)
core   0: 0x00000000800015d2 (0xfef61de3) bne     a2, a5, pc - 6
core   0: 0x00000000800015cc (0x00000785) c.addi  a5, 1
core   0: 0x00000000800015ce (0xfeb78fa3) sb      a1, -1(a5)
core   0: 0x00000000800015d2 (0xfef61de3) bne     a2, a5, pc - 6
core   0: 0x00000000800015cc (0x00000785) c.addi  a5, 1
core   0: 0x00000000800015ce (0xfeb78fa3) sb      a1, -1(a5)
core   0: 0x00000000800015d2 (0xfef61de3) bne     a2, a5, pc - 6
core   0: 0x00000000800015cc (0x00000785) c.addi  a5, 1
core   0: 0x00000000800015ce (0xfeb78fa3) sb      a1, -1(a5)
core   0: 0x00000000800015d2 (0xfef61de3) bne     a2, a5, pc - 6
core   0: 0x00000000800015cc (0x00000785) c.addi  a5, 1
core   0: 0x00000000800015ce (0xfeb78fa3) sb      a1, -1(a5)
core   0: 0x00000000800015d2 (0xfef61de3) bne     a2, a5, pc - 6
core   0: 0x00000000800015cc (0x00000785) c.addi  a5, 1
core   0: 0x00000000800015ce (0xfeb78fa3) sb      a1, -1(a5)
core   0: 0x00000000800015d2 (0xfef61de3) bne     a2, a5, pc - 6
core   0: 0x00000000800015cc (0x00000785) c.addi  a5, 1
core   0: 0x00000000800015ce (0xfeb78fa3) sb      a1, -1(a5)
core   0: 0x00000000800015d2 (0xfef61de3) bne     a2, a5, pc - 6
core   0: 0x00000000800015cc (0x00000785) c.addi  a5, 1
core   0: 0x00000000800015ce (0xfeb78fa3) sb      a1, -1(a5)
core   0: 0x00000000800015d2 (0xfef61de3) bne     a2, a5, pc - 6
core   0: 0x00000000800015cc (0x00000785) c.addi  a5, 1
core   0: 0x00000000800015ce (0xfeb78fa3) sb      a1, -1(a5)
core   0: 0x00000000800015d2 (0xfef61de3) bne     a2, a5, pc - 6
core   0: 0x00000000800015cc (0x00000785) c.addi  a5, 1
core   0: 0x00000000800015ce (0xfeb78fa3) sb      a1, -1(a5)
core   0: 0x00000000800015d2 (0xfef61de3) bne     a2, a5, pc - 6
core   0: 0x00000000800015cc (0x00000785) c.addi  a5, 1
core   0: 0x00000000800015ce (0xfeb78fa3) sb      a1, -1(a5)
core   0: 0x00000000800015d2 (0xfef61de3) bne     a2, a5, pc - 6
core   0: 0x00000000800015cc (0x00000785) c.addi  a5, 1
core   0: 0x00000000800015ce (0xfeb78fa3) sb      a1, -1(a5)
core   0: 0x00000000800015d2 (0xfef61de3) bne     a2, a5, pc - 6
core   0: 0x00000000800015cc (0x00000785) c.addi  a5, 1
core   0: 0x00000000800015ce (0xfeb78fa3) sb      a1, -1(a5)
core   0: 0x00000000800015d2 (0xfef61de3) bne     a2, a5, pc - 6
core   0: 0x00000000800015d6 (0x00008082) ret
core   0: 0x0000000080001644 (0x0000854e) c.mv    a0, s3
core   0: 0x0000000080001646 (0x000085d2) c.mv    a1, s4
core   0: 0x0000000080001648 (0xe75ff0ef) jal     pc - 0x18c
core   0: 0x00000000800014bc (0x0000c111) c.beqz  a0, pc + 4
core   0: 0x00000000800014c0 (0x00008082) ret
core   0: 0x000000008000164c (0x00004581) c.li    a1, 0
core   0: 0x000000008000164e (0x00004501) c.li    a0, 0
core   0: 0x0000000080001650 (0x12c000ef) jal     pc + 0x12c
core   0: 0x000000008000177c (0x70010537) lui     a0, 0x70010
core   0: 0x0000000080001780 (0x00004e05) c.li    t3, 1
core   0: 0x0000000080001782 (0x10010737) lui     a4, 0x10010
core   0: 0x0000000080001786 (0x700007b7) lui     a5, 0x70000
core   0: 0x000000008000178a (0x01c53423) sd      t3, 8(a0)
core   0: 0x000000008000178e (0x00006811) c.lui   a6, 0x4
core   0: 0x0000000080001790 (0x01070e93) addi    t4, a4, 16
core   0: 0x0000000080001794 (0x02000593) li      a1, 32
core   0: 0x0000000080001798 (0x0107b823) sd      a6, 16(a5)
core   0: 0x000000008000179c (0x01d7bc23) sd      t4, 24(a5)
core   0: 0x00000000800017a0 (0x0000f38c) c.sd    a1, 32(a5)
core   0: 0x00000000800017a2 (0x00006609) c.lui   a2, 0x2
core   0: 0x00000000800017a4 (0x03070893) addi    a7, a4, 48
core   0: 0x00000000800017a8 (0x0000eb90) c.sd    a2, 16(a5)
core   0: 0x00000000800017aa (0x0117bc23) sd      a7, 24(a5)
core   0: 0x00000000800017ae (0x0000f38c) c.sd    a1, 32(a5)
core   0: 0x00000000800017b0 (0x00006685) c.lui   a3, 0x1
core   0: 0x00000000800017b2 (0x05070713) addi    a4, a4, 80
core   0: 0x00000000800017b6 (0x0000eb98) c.sd    a4, 16(a5)
core   0: 0x00000000800017b8 (0x0000ef94) c.sd    a3, 24(a5)
core   0: 0x00000000800017ba (0x0000f38c) c.sd    a1, 32(a5)
core   0: 0x00000000800017bc (0x00004309) c.li    t1, 2
core   0: 0x00000000800017be (0x00653423) sd      t1, 8(a0)
core   0: 0x00000000800017c2 (0x02080813) addi    a6, a6, 32
core   0: 0x00000000800017c6 (0x0107b823) sd      a6, 16(a5)
core   0: 0x00000000800017ca (0x01d7bc23) sd      t4, 24(a5)
core   0: 0x00000000800017ce (0x0000f38c) c.sd    a1, 32(a5)
core   0: 0x00000000800017d0 (0x03000813) li      a6, 48
core   0: 0x00000000800017d4 (0x04060e93) addi    t4, a2, 64
core   0: 0x00000000800017d8 (0x01d7b823) sd      t4, 16(a5)
core   0: 0x00000000800017dc (0x0117bc23) sd      a7, 24(a5)
core   0: 0x00000000800017e0 (0x0307b023) sd      a6, 32(a5)
core   0: 0x00000000800017e4 (0x04068e93) addi    t4, a3, 64
core   0: 0x00000000800017e8 (0x0000eb98) c.sd    a4, 16(a5)
core   0: 0x00000000800017ea (0x01d7bc23) sd      t4, 24(a5)
core   0: 0x00000000800017ee (0x0307b023) sd      a6, 32(a5)
core   0: 0x00000000800017f2 (0x01c53423) sd      t3, 8(a0)
core   0: 0x00000000800017f6 (0x02060e13) addi    t3, a2, 32
core   0: 0x00000000800017fa (0x01c7b823) sd      t3, 16(a5)
core   0: 0x00000000800017fe (0x0117bc23) sd      a7, 24(a5)
core   0: 0x0000000080001802 (0x0000f38c) c.sd    a1, 32(a5)
core   0: 0x0000000080001804 (0x02068e13) addi    t3, a3, 32
core   0: 0x0000000080001808 (0x0000eb98) c.sd    a4, 16(a5)
core   0: 0x000000008000180a (0x01c7bc23) sd      t3, 24(a5)
core   0: 0x000000008000180e (0x0000f38c) c.sd    a1, 32(a5)
core   0: 0x0000000080001810 (0x00653423) sd      t1, 8(a0)
core   0: 0x0000000080001814 (0x07060613) addi    a2, a2, 112
core   0: 0x0000000080001818 (0x0000eb90) c.sd    a2, 16(a5)
core   0: 0x000000008000181a (0x0117bc23) sd      a7, 24(a5)
core   0: 0x000000008000181e (0x0307b023) sd      a6, 32(a5)
core   0: 0x0000000080001822 (0x07068693) addi    a3, a3, 112
core   0: 0x0000000080001826 (0x0000eb98) c.sd    a4, 16(a5)
core   0: 0x0000000080001828 (0x0000ef94) c.sd    a3, 24(a5)
core   0: 0x000000008000182a (0x0307b023) sd      a6, 32(a5)
core   0: 0x000000008000182e (0x000047bd) c.li    a5, 15
core   0: 0x0000000080001830 (0x0000e51c) c.sd    a5, 8(a0)
